#
# There is insufficient memory for the Java Runtime Environment to continue.
# Native memory allocation (malloc) failed to allocate 32744 bytes for ChunkPool::allocate
# Possible reasons:
#   The system is out of physical RAM or swap space
#   In 32 bit mode, the process size limit was hit
# Possible solutions:
#   Reduce memory load on the system
#   Increase physical memory or swap space
#   Check if swap backing store is full
#   Use 64 bit Java on a 64 bit OS
#   Decrease Java heap size (-Xmx/-Xms)
#   Decrease number of Java threads
#   Decrease Java thread stack sizes (-Xss)
#   Set larger code cache with -XX:ReservedCodeCacheSize=
# This output file may be truncated or incomplete.
#
#  Out of Memory Error (allocation.cpp:273), pid=7104, tid=2976
#
# JRE version: Java(TM) SE Runtime Environment (8.0_65-b17) (build 1.8.0_65-b17)
# Java VM: Java HotSpot(TM) 64-Bit Server VM (25.65-b01 mixed mode windows-amd64 compressed oops)
# Failed to write core dump. Minidumps are not enabled by default on client versions of Windows
#

---------------  T H R E A D  ---------------

Current thread (0x0000000055e25000):  JavaThread "C2 CompilerThread0" daemon [_thread_in_native, id=2976, stack(0x00000000567a0000,0x00000000568a0000)]

Stack: [0x00000000567a0000,0x00000000568a0000]
[error occurred during error reporting (printing stack bounds), id 0xc0000005]

Native frames: (J=compiled Java code, j=interpreted, Vv=VM code, C=native code)


Current CompileTask:
C2: 508082 5884       4       java.net.URLClassLoader$1::run (5 bytes)


---------------  P R O C E S S  ---------------

Java Threads: ( => current thread )
  0x0000000057b27800 JavaThread "resolver-5" daemon [_thread_blocked, id=6284, stack(0x000000005a8f0000,0x000000005a9f0000)]
  0x0000000057b29000 JavaThread "resolver-4" daemon [_thread_blocked, id=5592, stack(0x000000005bbf0000,0x000000005bcf0000)]
  0x0000000057b2a000 JavaThread "resolver-3" daemon [_thread_blocked, id=6612, stack(0x000000005baf0000,0x000000005bbf0000)]
  0x0000000057b25800 JavaThread "resolver-2" daemon [_thread_blocked, id=7120, stack(0x000000005c450000,0x000000005c550000)]
  0x0000000057b27000 JavaThread "resolver-1" daemon [_thread_blocked, id=6496, stack(0x000000005c210000,0x000000005c310000)]
  0x0000000055eb3800 JavaThread "Service Thread" daemon [_thread_blocked, id=6908, stack(0x0000000056c60000,0x0000000056d60000)]
  0x0000000054aee800 JavaThread "C1 CompilerThread2" daemon [_thread_in_native, id=4924, stack(0x0000000056b20000,0x0000000056c20000)]
  0x0000000054aeb000 JavaThread "C2 CompilerThread1" daemon [_thread_in_native, id=5284, stack(0x0000000056940000,0x0000000056a40000)]
=>0x0000000055e25000 JavaThread "C2 CompilerThread0" daemon [_thread_in_native, id=2976, stack(0x00000000567a0000,0x00000000568a0000)]
  0x0000000055e22800 JavaThread "Attach Listener" daemon [_thread_blocked, id=6328, stack(0x0000000056500000,0x0000000056600000)]
  0x0000000054ade000 JavaThread "Signal Dispatcher" daemon [_thread_blocked, id=4304, stack(0x0000000056350000,0x0000000056450000)]
  0x0000000054a86800 JavaThread "Finalizer" daemon [_thread_blocked, id=6552, stack(0x0000000055bd0000,0x0000000055cd0000)]
  0x0000000054a7f800 JavaThread "Reference Handler" daemon [_thread_blocked, id=6100, stack(0x0000000055d20000,0x0000000055e20000)]
  0x0000000001d1e800 JavaThread "main" [_thread_in_vm, id=6288, stack(0x00000000020d0000,0x00000000021d0000)]

Other Threads:
  0x0000000054a7a000 VMThread [stack: 0x0000000055a80000,0x0000000055b80000] [id=6960]
  0x0000000055eff800 WatcherThread [stack: 0x0000000056d70000,0x0000000056e70000] [id=4936]

VM state:not at safepoint (normal execution)

VM Mutex/Monitor currently owned by a thread: None

Heap:
 PSYoungGen      total 23040K, used 11843K [0x00000000eb600000, 0x00000000edd00000, 0x0000000100000000)
  eden space 21504K, 49% used [0x00000000eb600000,0x00000000ec070850,0x00000000ecb00000)
  from space 1536K, 75% used [0x00000000ecb80000,0x00000000ecca07a0,0x00000000ecd00000)
  to   space 9216K, 0% used [0x00000000ed400000,0x00000000ed400000,0x00000000edd00000)
 ParOldGen       total 49152K, used 27229K [0x00000000c2200000, 0x00000000c5200000, 0x00000000eb600000)
  object space 49152K, 55% used [0x00000000c2200000,0x00000000c3c97410,0x00000000c5200000)
 Metaspace       used 31860K, capacity 32574K, committed 32896K, reserved 1079296K
  class space    used 3639K, capacity 3883K, committed 3968K, reserved 1048576K

Card table byte_map: [0x0000000001ee0000,0x00000000020d0000] byte_map_base: 0x00000000018cf000

Marking Bits: (ParMarkBitMap*) 0x0000000061a4a5b0
 Begin Bits: [0x0000000012010000, 0x0000000012f88000)
 End Bits:   [0x0000000012f88000, 0x0000000013f00000)

Polling page: 0x00000000005c0000

CodeCache: size=245760Kb used=17176Kb max_used=17737Kb free=228583Kb
 bounds [0x00000000024a0000, 0x0000000003610000, 0x00000000114a0000]
 total_blobs=5412 nmethods=4959 adapters=366
 compilation: enabled

Compilation events (10 events):
Event: 507.831 Thread 0x0000000054aee800 5880       3       org.apache.maven.plugin.PluginParameterExpressionEvaluator::stripTokens (38 bytes)
Event: 507.831 Thread 0x0000000054aee800 nmethod 5880 0x000000000274e350 code [0x000000000274e500, 0x000000000274ed28]
Event: 507.832 Thread 0x0000000054aee800 5881   !   3       org.codehaus.plexus.util.ReflectionUtils::getFieldByNameIncludingSuperclasses (32 bytes)
Event: 507.833 Thread 0x0000000054aee800 nmethod 5881 0x000000000263a2d0 code [0x000000000263a4e0, 0x000000000263aca8]
Event: 507.872 Thread 0x0000000054aee800 5882       3       org.apache.maven.artifact.resolver.filter.CumulativeScopeArtifactFilter::include (6 bytes)
Event: 507.872 Thread 0x0000000054aee800 nmethod 5882 0x000000000286e850 code [0x000000000286e9c0, 0x000000000286eb48]
Event: 507.873 Thread 0x0000000054aee800 5883       3       org.apache.maven.artifact.resolver.filter.AbstractScopeArtifactFilter::include (97 bytes)
Event: 507.874 Thread 0x0000000054aee800 nmethod 5883 0x0000000002ebde90 code [0x0000000002ebe080, 0x0000000002ebe8a8]
Event: 507.877 Thread 0x0000000055e25000 5884       4       java.net.URLClassLoader$1::run (5 bytes)
Event: 507.882 Thread 0x0000000054aeb000 5885   !   4       java.net.URLClassLoader$1::run (63 bytes)

GC Heap History (10 events):
Event: 442.559 GC heap before
{Heap before GC invocations=17 (full 1):
 PSYoungGen      total 29696K, used 29354K [0x00000000eb600000, 0x00000000edd00000, 0x0000000100000000)
  eden space 25600K, 100% used [0x00000000eb600000,0x00000000ecf00000,0x00000000ecf00000)
  from space 4096K, 91% used [0x00000000ecf80000,0x00000000ed32aba8,0x00000000ed380000)
  to   space 7168K, 0% used [0x00000000ed600000,0x00000000ed600000,0x00000000edd00000)
 ParOldGen       total 32768K, used 15177K [0x00000000c2200000, 0x00000000c4200000, 0x00000000eb600000)
  object space 32768K, 46% used [0x00000000c2200000,0x00000000c30d2790,0x00000000c4200000)
 Metaspace       used 25671K, capacity 26202K, committed 26496K, reserved 1073152K
  class space    used 2967K, capacity 3128K, committed 3200K, reserved 1048576K
Event: 442.571 GC heap after
Heap after GC invocations=17 (full 1):
 PSYoungGen      total 30208K, used 7157K [0x00000000eb600000, 0x00000000ee180000, 0x0000000100000000)
  eden space 23040K, 0% used [0x00000000eb600000,0x00000000eb600000,0x00000000ecc80000)
  from space 7168K, 99% used [0x00000000ed600000,0x00000000edcfd708,0x00000000edd00000)
  to   space 9728K, 0% used [0x00000000ecc80000,0x00000000ecc80000,0x00000000ed600000)
 ParOldGen       total 32768K, used 19157K [0x00000000c2200000, 0x00000000c4200000, 0x00000000eb600000)
  object space 32768K, 58% used [0x00000000c2200000,0x00000000c34b5598,0x00000000c4200000)
 Metaspace       used 25671K, capacity 26202K, committed 26496K, reserved 1073152K
  class space    used 2967K, capacity 3128K, committed 3200K, reserved 1048576K
}
Event: 444.119 GC heap before
{Heap before GC invocations=18 (full 1):
 PSYoungGen      total 30208K, used 30197K [0x00000000eb600000, 0x00000000ee180000, 0x0000000100000000)
  eden space 23040K, 100% used [0x00000000eb600000,0x00000000ecc80000,0x00000000ecc80000)
  from space 7168K, 99% used [0x00000000ed600000,0x00000000edcfd708,0x00000000edd00000)
  to   space 9728K, 0% used [0x00000000ecc80000,0x00000000ecc80000,0x00000000ed600000)
 ParOldGen       total 32768K, used 19157K [0x00000000c2200000, 0x00000000c4200000, 0x00000000eb600000)
  object space 32768K, 58% used [0x00000000c2200000,0x00000000c34b5598,0x00000000c4200000)
 Metaspace       used 29116K, capacity 29698K, committed 29952K, reserved 1075200K
  class space    used 3292K, capacity 3484K, committed 3584K, reserved 1048576K
Event: 444.135 GC heap after
Heap after GC invocations=18 (full 1):
 PSYoungGen      total 26624K, used 3716K [0x00000000eb600000, 0x00000000ede00000, 0x0000000100000000)
  eden space 22528K, 0% used [0x00000000eb600000,0x00000000eb600000,0x00000000ecc00000)
  from space 4096K, 90% used [0x00000000ecc80000,0x00000000ed021248,0x00000000ed080000)
  to   space 9216K, 0% used [0x00000000ed500000,0x00000000ed500000,0x00000000ede00000)
 ParOldGen       total 32768K, used 26296K [0x00000000c2200000, 0x00000000c4200000, 0x00000000eb600000)
  object space 32768K, 80% used [0x00000000c2200000,0x00000000c3bae098,0x00000000c4200000)
 Metaspace       used 29116K, capacity 29698K, committed 29952K, reserved 1075200K
  class space    used 3292K, capacity 3484K, committed 3584K, reserved 1048576K
}
Event: 464.028 GC heap before
{Heap before GC invocations=19 (full 1):
 PSYoungGen      total 26624K, used 26244K [0x00000000eb600000, 0x00000000ede00000, 0x0000000100000000)
  eden space 22528K, 100% used [0x00000000eb600000,0x00000000ecc00000,0x00000000ecc00000)
  from space 4096K, 90% used [0x00000000ecc80000,0x00000000ed021248,0x00000000ed080000)
  to   space 9216K, 0% used [0x00000000ed500000,0x00000000ed500000,0x00000000ede00000)
 ParOldGen       total 32768K, used 26296K [0x00000000c2200000, 0x00000000c4200000, 0x00000000eb600000)
  object space 32768K, 80% used [0x00000000c2200000,0x00000000c3bae098,0x00000000c4200000)
 Metaspace       used 29950K, capacity 30586K, committed 30720K, reserved 1077248K
  class space    used 3378K, capacity 3583K, committed 3584K, reserved 1048576K
Event: 464.035 GC heap after
Heap after GC invocations=19 (full 1):
 PSYoungGen      total 30720K, used 1350K [0x00000000eb600000, 0x00000000edd80000, 0x0000000100000000)
  eden space 22016K, 0% used [0x00000000eb600000,0x00000000eb600000,0x00000000ecb80000)
  from space 8704K, 15% used [0x00000000ed500000,0x00000000ed651808,0x00000000edd80000)
  to   space 9216K, 0% used [0x00000000ecb80000,0x00000000ecb80000,0x00000000ed480000)
 ParOldGen       total 32768K, used 27924K [0x00000000c2200000, 0x00000000c4200000, 0x00000000eb600000)
  object space 32768K, 85% used [0x00000000c2200000,0x00000000c3d45188,0x00000000c4200000)
 Metaspace       used 29950K, capacity 30586K, committed 30720K, reserved 1077248K
  class space    used 3378K, capacity 3583K, committed 3584K, reserved 1048576K
}
Event: 464.035 GC heap before
{Heap before GC invocations=20 (full 2):
 PSYoungGen      total 30720K, used 1350K [0x00000000eb600000, 0x00000000edd80000, 0x0000000100000000)
  eden space 22016K, 0% used [0x00000000eb600000,0x00000000eb600000,0x00000000ecb80000)
  from space 8704K, 15% used [0x00000000ed500000,0x00000000ed651808,0x00000000edd80000)
  to   space 9216K, 0% used [0x00000000ecb80000,0x00000000ecb80000,0x00000000ed480000)
 ParOldGen       total 32768K, used 27924K [0x00000000c2200000, 0x00000000c4200000, 0x00000000eb600000)
  object space 32768K, 85% used [0x00000000c2200000,0x00000000c3d45188,0x00000000c4200000)
 Metaspace       used 29950K, capacity 30586K, committed 30720K, reserved 1077248K
  class space    used 3378K, capacity 3583K, committed 3584K, reserved 1048576K
Event: 464.292 GC heap after
Heap after GC invocations=20 (full 2):
 PSYoungGen      total 30720K, used 0K [0x00000000eb600000, 0x00000000edd80000, 0x0000000100000000)
  eden space 22016K, 0% used [0x00000000eb600000,0x00000000eb600000,0x00000000ecb80000)
  from space 8704K, 0% used [0x00000000ed500000,0x00000000ed500000,0x00000000edd80000)
  to   space 9216K, 0% used [0x00000000ecb80000,0x00000000ecb80000,0x00000000ed480000)
 ParOldGen       total 49152K, used 27221K [0x00000000c2200000, 0x00000000c5200000, 0x00000000eb600000)
  object space 49152K, 55% used [0x00000000c2200000,0x00000000c3c95410,0x00000000c5200000)
 Metaspace       used 29950K, capacity 30586K, committed 30720K, reserved 1077248K
  class space    used 3378K, capacity 3583K, committed 3584K, reserved 1048576K
}
Event: 507.431 GC heap before
{Heap before GC invocations=21 (full 2):
 PSYoungGen      total 30720K, used 22016K [0x00000000eb600000, 0x00000000edd80000, 0x0000000100000000)
  eden space 22016K, 100% used [0x00000000eb600000,0x00000000ecb80000,0x00000000ecb80000)
  from space 8704K, 0% used [0x00000000ed500000,0x00000000ed500000,0x00000000edd80000)
  to   space 9216K, 0% used [0x00000000ecb80000,0x00000000ecb80000,0x00000000ed480000)
 ParOldGen       total 49152K, used 27221K [0x00000000c2200000, 0x00000000c5200000, 0x00000000eb600000)
  object space 49152K, 55% used [0x00000000c2200000,0x00000000c3c95410,0x00000000c5200000)
 Metaspace       used 30408K, capacity 31090K, committed 31360K, reserved 1077248K
  class space    used 3438K, capacity 3687K, committed 3712K, reserved 1048576K
Event: 507.434 GC heap after
Heap after GC invocations=21 (full 2):
 PSYoungGen      total 23040K, used 1153K [0x00000000eb600000, 0x00000000edd00000, 0x0000000100000000)
  eden space 21504K, 0% used [0x00000000eb600000,0x00000000eb600000,0x00000000ecb00000)
  from space 1536K, 75% used [0x00000000ecb80000,0x00000000ecca07a0,0x00000000ecd00000)
  to   space 9216K, 0% used [0x00000000ed400000,0x00000000ed400000,0x00000000edd00000)
 ParOldGen       total 49152K, used 27229K [0x00000000c2200000, 0x00000000c5200000, 0x00000000eb600000)
  object space 49152K, 55% used [0x00000000c2200000,0x00000000c3c97410,0x00000000c5200000)
 Metaspace       used 30408K, capacity 31090K, committed 31360K, reserved 1077248K
  class space    used 3438K, capacity 3687K, committed 3712K, reserved 1048576K
}

Deoptimization events (10 events):
Event: 479.746 Thread 0x0000000001d1e800 Uncommon trap: reason=class_check action=maybe_recompile pc=0x0000000002bf7fa0 method=java.util.regex.Pattern$7.isSatisfiedBy(I)Z @ 16
Event: 479.746 Thread 0x0000000001d1e800 Uncommon trap: reason=bimorphic action=maybe_recompile pc=0x0000000002bf7ff4 method=java.util.regex.Pattern$CharProperty$1.isSatisfiedBy(I)Z @ 5
Event: 479.746 Thread 0x0000000001d1e800 Uncommon trap: reason=class_check action=maybe_recompile pc=0x0000000002bf7fa0 method=java.util.regex.Pattern$7.isSatisfiedBy(I)Z @ 16
Event: 479.746 Thread 0x0000000001d1e800 Uncommon trap: reason=class_check action=maybe_recompile pc=0x0000000002bf7fa0 method=java.util.regex.Pattern$7.isSatisfiedBy(I)Z @ 16
Event: 479.746 Thread 0x0000000001d1e800 Uncommon trap: reason=bimorphic action=maybe_recompile pc=0x00000000028b1ec8 method=java.util.regex.Pattern$CharProperty$1.isSatisfiedBy(I)Z @ 5
Event: 479.746 Thread 0x0000000001d1e800 Uncommon trap: reason=bimorphic action=maybe_recompile pc=0x00000000028b1ec8 method=java.util.regex.Pattern$CharProperty$1.isSatisfiedBy(I)Z @ 5
Event: 479.746 Thread 0x0000000001d1e800 Uncommon trap: reason=bimorphic action=maybe_recompile pc=0x00000000028b1ec8 method=java.util.regex.Pattern$CharProperty$1.isSatisfiedBy(I)Z @ 5
Event: 479.746 Thread 0x0000000001d1e800 Uncommon trap: reason=speculate_class_check action=maybe_recompile pc=0x0000000002e1730c method=java.util.ArrayList.<init>(Ljava/util/Collection;)V @ 36
Event: 507.603 Thread 0x0000000001d1e800 Uncommon trap: reason=unstable_if action=reinterpret pc=0x00000000035f7180 method=java.text.SimpleDateFormat.subParse(Ljava/lang/String;IIIZ[ZLjava/text/ParsePosition;ZLjava/text/CalendarBuilder;)I @ 1178
Event: 507.605 Thread 0x0000000001d1e800 Uncommon trap: reason=predicate action=maybe_recompile pc=0x00000000027b97e0 method=java.text.CalendarBuilder.establish(Ljava/util/Calendar;)Ljava/util/Calendar; @ 79

Internal exceptions (10 events):
Event: 488.104 Thread 0x0000000057b2d800 Exception <a 'java/net/SocketTimeoutException': Read timed out> (0x00000000ec8a73b8) thrown at [C:\workspace\8-2-build-windows-amd64-cygwin\jdk8u65\4987\hotspot\src\share\vm\prims\jni.cpp, line 735]
Event: 488.294 Thread 0x0000000057b2c000 Exception <a 'java/net/SocketTimeoutException': Read timed out> (0x00000000ec8c5308) thrown at [C:\workspace\8-2-build-windows-amd64-cygwin\jdk8u65\4987\hotspot\src\share\vm\prims\jni.cpp, line 735]
Event: 488.435 Thread 0x0000000057b2d000 Exception <a 'java/net/SocketTimeoutException': Read timed out> (0x00000000ec8e7110) thrown at [C:\workspace\8-2-build-windows-amd64-cygwin\jdk8u65\4987\hotspot\src\share\vm\prims\jni.cpp, line 735]
Event: 491.262 Thread 0x0000000057b2d800 Exception <a 'java/net/SocketTimeoutException': Read timed out> (0x00000000ec8b4598) thrown at [C:\workspace\8-2-build-windows-amd64-cygwin\jdk8u65\4987\hotspot\src\share\vm\prims\jni.cpp, line 735]
Event: 491.802 Thread 0x0000000057b2a800 Exception <a 'java/net/SocketTimeoutException': Read timed out> (0x00000000ec84bdb0) thrown at [C:\workspace\8-2-build-windows-amd64-cygwin\jdk8u65\4987\hotspot\src\share\vm\prims\jni.cpp, line 735]
Event: 493.111 Thread 0x0000000057b2d000 Exception <a 'java/net/SocketTimeoutException': Read timed out> (0x00000000ec8f59a0) thrown at [C:\workspace\8-2-build-windows-amd64-cygwin\jdk8u65\4987\hotspot\src\share\vm\prims\jni.cpp, line 735]
Event: 501.583 Thread 0x0000000057b2c000 Exception <a 'java/net/SocketTimeoutException': Read timed out> (0x00000000ec93f278) thrown at [C:\workspace\8-2-build-windows-amd64-cygwin\jdk8u65\4987\hotspot\src\share\vm\prims\jni.cpp, line 735]
Event: 506.589 Thread 0x0000000057b2b800 Exception <a 'java/net/SocketTimeoutException': Read timed out> (0x00000000ec9703b0) thrown at [C:\workspace\8-2-build-windows-amd64-cygwin\jdk8u65\4987\hotspot\src\share\vm\prims\jni.cpp, line 735]
Event: 507.462 Thread 0x0000000001d1e800 Exception <a 'java/lang/NoClassDefFoundError': org/slf4j/Logger> (0x00000000eb8119e0) thrown at [C:\workspace\8-2-build-windows-amd64-cygwin\jdk8u65\4987\hotspot\src\share\vm\oops\constantPool.cpp, line 235]
Event: 507.611 Thread 0x0000000001d1e800 Exception <a 'java/io/FileNotFoundException'> (0x00000000eba7e400) thrown at [C:\workspace\8-2-build-windows-amd64-cygwin\jdk8u65\4987\hotspot\src\share\vm\prims\jni.cpp, line 709]

Events (10 events):
Event: 507.885 loading class org/codehaus/plexus/util/MatchPatterns
Event: 507.885 loading class org/codehaus/plexus/util/MatchPatterns done
Event: 507.886 loading class org/codehaus/plexus/util/MatchPattern
Event: 507.886 loading class org/codehaus/plexus/util/MatchPattern done
Event: 507.886 loading class org/codehaus/plexus/util/MatchPattern
Event: 507.886 loading class org/codehaus/plexus/util/MatchPattern done
Event: 507.993 loading class org/codehaus/plexus/util/SelectorUtils
Event: 507.993 loading class org/codehaus/plexus/util/SelectorUtils done
Event: 507.993 loading class org/codehaus/plexus/util/SelectorUtils
Event: 507.993 loading class org/codehaus/plexus/util/SelectorUtils done


Dynamic libraries:
0x000000013ffa0000 - 0x000000013ffd7000 	C:\Program Files\java\jdk1.8.0_65\bin\java.exe
0x0000000076fe0000 - 0x0000000077189000 	C:\Windows\SYSTEM32\ntdll.dll
0x0000000076dc0000 - 0x0000000076edf000 	C:\Windows\system32\kernel32.dll
0x000007fefcfe0000 - 0x000007fefd04b000 	C:\Windows\system32\KERNELBASE.dll
0x000007fefdfe0000 - 0x000007fefe0bb000 	C:\Windows\system32\ADVAPI32.dll
0x000007fefe0c0000 - 0x000007fefe15f000 	C:\Windows\system32\msvcrt.dll
0x000007fefdb40000 - 0x000007fefdb5f000 	C:\Windows\SYSTEM32\sechost.dll
0x000007fefd7d0000 - 0x000007fefd8fd000 	C:\Windows\system32\RPCRT4.dll
0x0000000076ee0000 - 0x0000000076fda000 	C:\Windows\system32\USER32.dll
0x000007fefdad0000 - 0x000007fefdb37000 	C:\Windows\system32\GDI32.dll
0x000007fefdb80000 - 0x000007fefdb8e000 	C:\Windows\system32\LPK.dll
0x000007fefd980000 - 0x000007fefda49000 	C:\Windows\system32\USP10.dll
0x000007fefac40000 - 0x000007fefae34000 	C:\Windows\WinSxS\amd64_microsoft.windows.common-controls_6595b64144ccf1df_6.0.7601.17514_none_fa396087175ac9ac\COMCTL32.dll
0x000007fefd900000 - 0x000007fefd971000 	C:\Windows\system32\SHLWAPI.dll
0x000007fefdca0000 - 0x000007fefdcce000 	C:\Windows\system32\IMM32.DLL
0x000007fefdb90000 - 0x000007fefdc99000 	C:\Windows\system32\MSCTF.dll
0x0000000066e60000 - 0x0000000066f32000 	C:\Program Files\java\jdk1.8.0_65\jre\bin\msvcr100.dll
0x0000000061240000 - 0x0000000061ac9000 	C:\Program Files\java\jdk1.8.0_65\jre\bin\server\jvm.dll
0x000007fef80e0000 - 0x000007fef80e9000 	C:\Windows\system32\WSOCK32.dll
0x000007fefd3a0000 - 0x000007fefd3ed000 	C:\Windows\system32\WS2_32.dll
0x000007fefe160000 - 0x000007fefe168000 	C:\Windows\system32\NSI.dll
0x000007fef9d20000 - 0x000007fef9d5b000 	C:\Windows\system32\WINMM.dll
0x000007fefc070000 - 0x000007fefc07c000 	C:\Windows\system32\VERSION.dll
0x00000000771a0000 - 0x00000000771a7000 	C:\Windows\system32\PSAPI.DLL
0x000000006b1c0000 - 0x000000006b1cf000 	C:\Program Files\java\jdk1.8.0_65\jre\bin\verify.dll
0x0000000068b80000 - 0x0000000068ba9000 	C:\Program Files\java\jdk1.8.0_65\jre\bin\java.dll
0x0000000068b60000 - 0x0000000068b76000 	C:\Program Files\java\jdk1.8.0_65\jre\bin\zip.dll
0x000007fefe560000 - 0x000007feff2e8000 	C:\Windows\system32\SHELL32.dll
0x000007fefe250000 - 0x000007fefe453000 	C:\Windows\system32\ole32.dll
0x000007fefcf30000 - 0x000007fefcf3f000 	C:\Windows\system32\profapi.dll
0x000007fefce00000 - 0x000007fefce57000 	C:\Windows\system32\apphelp.dll
0x0000000068b40000 - 0x0000000068b5a000 	C:\Program Files\java\jdk1.8.0_65\jre\bin\net.dll
0x000007fefc7a0000 - 0x000007fefc7f5000 	C:\Windows\system32\mswsock.dll
0x000007fefc790000 - 0x000007fefc797000 	C:\Windows\System32\wship6.dll
0x0000000068b20000 - 0x0000000068b31000 	C:\Program Files\java\jdk1.8.0_65\jre\bin\nio.dll
0x0000000066de0000 - 0x0000000066e04000 	C:\Program Files\java\jdk1.8.0_65\jre\bin\sunec.dll
0x000007fefc800000 - 0x000007fefc817000 	C:\Windows\system32\CRYPTSP.dll
0x000007fefc500000 - 0x000007fefc547000 	C:\Windows\system32\rsaenh.dll
0x000007fefc270000 - 0x000007fefc28e000 	C:\Windows\system32\USERENV.dll
0x000007fefce60000 - 0x000007fefce6f000 	C:\Windows\system32\CRYPTBASE.dll
0x000007fefb880000 - 0x000007fefb8a7000 	C:\Windows\system32\IPHLPAPI.DLL
0x000007fefb870000 - 0x000007fefb87b000 	C:\Windows\system32\WINNSI.DLL
0x000007fefb670000 - 0x000007fefb688000 	C:\Windows\system32\dhcpcsvc.DLL
0x000007fefb650000 - 0x000007fefb661000 	C:\Windows\system32\dhcpcsvc6.DLL
0x000007fefc140000 - 0x000007fefc147000 	C:\Windows\System32\wshtcpip.dll
0x000007fefc620000 - 0x000007fefc67b000 	C:\Windows\system32\DNSAPI.dll
0x000007fef9720000 - 0x000007fef9728000 	C:\Windows\system32\rasadhlp.dll
0x000007fefb730000 - 0x000007fefb783000 	C:\Windows\System32\fwpuclnt.dll
0x000007fefba30000 - 0x000007fefba45000 	C:\Windows\system32\NLAapi.dll
0x000007feedf10000 - 0x000007feedf25000 	C:\Windows\system32\napinsp.dll
0x000007feede40000 - 0x000007feede59000 	C:\Windows\system32\pnrpnsp.dll
0x000007feedca0000 - 0x000007feedcab000 	C:\Windows\System32\winrnr.dll
0x000007feedcb0000 - 0x000007feedcc0000 	C:\Windows\system32\wshbth.dll
0x000000006b4b0000 - 0x000000006b648000 	C:\Program Files\java\jdk1.8.0_65\jre\bin\awt.dll
0x000007fefe170000 - 0x000007fefe247000 	C:\Windows\system32\OLEAUT32.dll

VM Arguments:
jvm_args: -Dclassworlds.conf=D:\NetBeans 8.1\java\maven\bin\m2.conf -Dmaven.home=D:\NetBeans 8.1\java\maven 
java_command: org.codehaus.plexus.classworlds.launcher.Launcher -Dmaven.ext.class.path=D:\NetBeans 8.1\java\maven-nblib\netbeans-eventspy.jar -Dfile.encoding=UTF-8 clean install
java_class_path (initial): D:\NetBeans 8.1\java\maven\boot\plexus-classworlds-2.4.jar
Launcher Type: SUN_STANDARD

Environment Variables:
JAVA_HOME=C:\Program Files\java\jdk1.8.0_65
PATH=C:\Windows\system32;C:\Windows;C:\Windows\System32\Wbem;C:\Windows\System32\WindowsPowerShell\v1.0\;C:\Program Files\Intel\WiFi\bin\;C:\Program Files\Common Files\Intel\WirelessCommon\;D:\app\Develop\product\11.2.0\dbhome_2\bin;C:\ProgramData\Oracle\Java\javapath;C:\Windows\system32;C:\Windows;C:\Windows\System32\Wbem;C:\Windows\System32\WindowsPowerShell\v1.0\;C:\xampp\php;C:\ProgramData\ComposerSetup\bin;D:\apache-maven-3.0.5\bin;C:\Program Files\java\jdk1.8.0_65\bin;C:\nodejs\;C:\Program Files\OpenVPN\bin;C:\Git\cmd;C:\Program Files (x86)\OpenVPN\bin;C:\Users\IOS\AppData\Roaming\npm;D:\AppServ\Apache24\bin;D:\AppServ\php5;D:\AppServ\MySQL\bin
USERNAME=IOS
OS=Windows_NT
PROCESSOR_IDENTIFIER=Intel64 Family 6 Model 37 Stepping 2, GenuineIntel



---------------  S Y S T E M  ---------------

OS: Windows 7 , 64 bit Build 7601 (6.1.7601.17514)

CPU:total 4 (2 cores per cpu, 2 threads per core) family 6 model 37 stepping 2, cmov, cx8, fxsr, mmx, sse, sse2, sse3, ssse3, sse4.1, sse4.2, popcnt, ht, tsc, tscinvbit

Memory: 4k page, physical 4051452k(706348k free), swap 4049608k(5144k free)

vm_info: Java HotSpot(TM) 64-Bit Server VM (25.65-b01) for windows-amd64 JRE (1.8.0_65-b17), built on Oct  6 2015 16:39:20 by "java_re" with MS VC++ 10.0 (VS2010)

time: Sun May 15 22:48:49 2016
elapsed time: 508 seconds (0d 0h 8m 28s)

