#
# There is insufficient memory for the Java Runtime Environment to continue.
# Native memory allocation (malloc) failed to allocate 32744 bytes for ChunkPool::allocate
# Possible reasons:
#   The system is out of physical RAM or swap space
#   In 32 bit mode, the process size limit was hit
# Possible solutions:
#   Reduce memory load on the system
#   Increase physical memory or swap space
#   Check if swap backing store is full
#   Use 64 bit Java on a 64 bit OS
#   Decrease Java heap size (-Xmx/-Xms)
#   Decrease number of Java threads
#   Decrease Java thread stack sizes (-Xss)
#   Set larger code cache with -XX:ReservedCodeCacheSize=
# This output file may be truncated or incomplete.
#
#  Out of Memory Error (allocation.cpp:273), pid=6540, tid=6712
#
# JRE version: Java(TM) SE Runtime Environment (8.0_65-b17) (build 1.8.0_65-b17)
# Java VM: Java HotSpot(TM) 64-Bit Server VM (25.65-b01 mixed mode windows-amd64 compressed oops)
# Failed to write core dump. Minidumps are not enabled by default on client versions of Windows
#

---------------  T H R E A D  ---------------

Current thread (0x0000000056427000):  JavaThread "C2 CompilerThread1" daemon [_thread_in_native, id=6712, stack(0x0000000056020000,0x0000000056120000)]

Stack: [0x0000000056020000,0x0000000056120000]
[error occurred during error reporting (printing stack bounds), id 0xc0000005]

Native frames: (J=compiled Java code, j=interpreted, Vv=VM code, C=native code)


Current CompileTask:
C2:  25137 3083       4       java.net.URLClassLoader$1::run (5 bytes)


---------------  P R O C E S S  ---------------

Java Threads: ( => current thread )
  0x0000000056493800 JavaThread "Service Thread" daemon [_thread_blocked, id=6280, stack(0x0000000057030000,0x0000000057130000)]
  0x0000000056429000 JavaThread "C1 CompilerThread2" daemon [_thread_blocked, id=4540, stack(0x0000000056ee0000,0x0000000056fe0000)]
=>0x0000000056427000 JavaThread "C2 CompilerThread1" daemon [_thread_in_native, id=6712, stack(0x0000000056020000,0x0000000056120000)]
  0x0000000054e1f000 JavaThread "C2 CompilerThread0" daemon [_thread_in_native, id=4320, stack(0x0000000056bf0000,0x0000000056cf0000)]
  0x0000000054e1e000 JavaThread "Attach Listener" daemon [_thread_blocked, id=5764, stack(0x0000000056a70000,0x0000000056b70000)]
  0x0000000054e0e800 JavaThread "Signal Dispatcher" daemon [_thread_blocked, id=1204, stack(0x00000000568a0000,0x00000000569a0000)]
  0x0000000054db7800 JavaThread "Finalizer" daemon [_thread_blocked, id=6012, stack(0x0000000056320000,0x0000000056420000)]
  0x0000000054db0800 JavaThread "Reference Handler" daemon [_thread_blocked, id=5408, stack(0x00000000561d0000,0x00000000562d0000)]
  0x000000000226e800 JavaThread "main" [_thread_in_native, id=5124, stack(0x0000000002470000,0x0000000002570000)]

Other Threads:
  0x0000000054dab000 VMThread [stack: 0x0000000055f10000,0x0000000056010000] [id=4724]
  0x00000000564b8000 WatcherThread [stack: 0x0000000056da0000,0x0000000056ea0000] [id=5624]

VM state:not at safepoint (normal execution)

VM Mutex/Monitor currently owned by a thread: None

Heap:
 PSYoungGen      total 21504K, used 6850K [0x00000000eb600000, 0x00000000eda00000, 0x0000000100000000)
  eden space 15360K, 34% used [0x00000000eb600000,0x00000000ebb3aa90,0x00000000ec500000)
  from space 6144K, 24% used [0x00000000ec500000,0x00000000ec675d70,0x00000000ecb00000)
  to   space 6144K, 0% used [0x00000000ed400000,0x00000000ed400000,0x00000000eda00000)
 ParOldGen       total 42496K, used 15269K [0x00000000c2200000, 0x00000000c4b80000, 0x00000000eb600000)
  object space 42496K, 35% used [0x00000000c2200000,0x00000000c30e9668,0x00000000c4b80000)
 Metaspace       used 18113K, capacity 18454K, committed 18688K, reserved 1064960K
  class space    used 2166K, capacity 2267K, committed 2304K, reserved 1048576K

Card table byte_map: [0x0000000011c00000,0x0000000011df0000] byte_map_base: 0x00000000115ef000

Marking Bits: (ParMarkBitMap*) 0x000000006381a5b0
 Begin Bits: [0x0000000012530000, 0x00000000134a8000)
 End Bits:   [0x00000000134a8000, 0x0000000014420000)

Polling page: 0x0000000000430000

CodeCache: size=245760Kb used=9847Kb max_used=10020Kb free=235912Kb
 bounds [0x0000000002840000, 0x0000000003250000, 0x0000000011840000]
 total_blobs=3077 nmethods=2726 adapters=264
 compilation: enabled

Compilation events (10 events):
Event: 24.595 Thread 0x0000000056429000 3093       1       com.sun.tools.javac.util.SharedNameTable$NameImpl::getIndex (5 bytes)
Event: 24.595 Thread 0x0000000056429000 nmethod 3093 0x0000000002973dd0 code [0x0000000002973f20, 0x0000000002974030]
Event: 24.595 Thread 0x0000000056429000 3090       3       com.sun.tools.javac.util.Names::fromString (9 bytes)
Event: 24.596 Thread 0x0000000056429000 nmethod 3090 0x0000000002f82a10 code [0x0000000002f82ba0, 0x0000000002f830b8]
Event: 24.596 Thread 0x0000000056429000 3091       3       com.sun.tools.javac.util.Name$Table::fromString (14 bytes)
Event: 24.597 Thread 0x0000000056429000 nmethod 3091 0x0000000002c6c850 code [0x0000000002c6c9e0, 0x0000000002c6cdf8]
Event: 24.597 Thread 0x0000000056429000 3089       3       com.sun.tools.javac.util.Name::<init> (10 bytes)
Event: 24.597 Thread 0x0000000056429000 nmethod 3089 0x0000000002d24b50 code [0x0000000002d24ca0, 0x0000000002d24e70]
Event: 24.612 Thread 0x0000000056429000 3094       3       com.sun.tools.javac.util.Context::get (82 bytes)
Event: 24.614 Thread 0x0000000056429000 nmethod 3094 0x0000000002d282d0 code [0x0000000002d28540, 0x0000000002d29418]

GC Heap History (10 events):
Event: 19.932 GC heap before
{Heap before GC invocations=11 (full 0):
 PSYoungGen      total 20992K, used 16688K [0x00000000eb600000, 0x00000000ed180000, 0x0000000100000000)
  eden space 15360K, 100% used [0x00000000eb600000,0x00000000ec500000,0x00000000ec500000)
  from space 5632K, 23% used [0x00000000ecb00000,0x00000000ecc4c010,0x00000000ed080000)
  to   space 6144K, 0% used [0x00000000ec500000,0x00000000ec500000,0x00000000ecb00000)
 ParOldGen       total 42496K, used 11781K [0x00000000c2200000, 0x00000000c4b80000, 0x00000000eb600000)
  object space 42496K, 27% used [0x00000000c2200000,0x00000000c2d81668,0x00000000c4b80000)
 Metaspace       used 13421K, capacity 13698K, committed 13952K, reserved 1060864K
  class space    used 1588K, capacity 1659K, committed 1664K, reserved 1048576K
Event: 19.939 GC heap after
Heap after GC invocations=11 (full 0):
 PSYoungGen      total 21504K, used 992K [0x00000000eb600000, 0x00000000ed100000, 0x0000000100000000)
  eden space 15360K, 0% used [0x00000000eb600000,0x00000000eb600000,0x00000000ec500000)
  from space 6144K, 16% used [0x00000000ec500000,0x00000000ec5f8000,0x00000000ecb00000)
  to   space 6144K, 0% used [0x00000000ecb00000,0x00000000ecb00000,0x00000000ed100000)
 ParOldGen       total 42496K, used 12925K [0x00000000c2200000, 0x00000000c4b80000, 0x00000000eb600000)
  object space 42496K, 30% used [0x00000000c2200000,0x00000000c2e9f668,0x00000000c4b80000)
 Metaspace       used 13421K, capacity 13698K, committed 13952K, reserved 1060864K
  class space    used 1588K, capacity 1659K, committed 1664K, reserved 1048576K
}
Event: 20.130 GC heap before
{Heap before GC invocations=12 (full 0):
 PSYoungGen      total 21504K, used 16352K [0x00000000eb600000, 0x00000000ed100000, 0x0000000100000000)
  eden space 15360K, 100% used [0x00000000eb600000,0x00000000ec500000,0x00000000ec500000)
  from space 6144K, 16% used [0x00000000ec500000,0x00000000ec5f8000,0x00000000ecb00000)
  to   space 6144K, 0% used [0x00000000ecb00000,0x00000000ecb00000,0x00000000ed100000)
 ParOldGen       total 42496K, used 12925K [0x00000000c2200000, 0x00000000c4b80000, 0x00000000eb600000)
  object space 42496K, 30% used [0x00000000c2200000,0x00000000c2e9f668,0x00000000c4b80000)
 Metaspace       used 13517K, capacity 13762K, committed 13952K, reserved 1060864K
  class space    used 1588K, capacity 1659K, committed 1664K, reserved 1048576K
Event: 20.133 GC heap after
Heap after GC invocations=12 (full 0):
 PSYoungGen      total 21504K, used 672K [0x00000000eb600000, 0x00000000ed100000, 0x0000000100000000)
  eden space 15360K, 0% used [0x00000000eb600000,0x00000000eb600000,0x00000000ec500000)
  from space 6144K, 10% used [0x00000000ecb00000,0x00000000ecba8000,0x00000000ed100000)
  to   space 6144K, 0% used [0x00000000ec500000,0x00000000ec500000,0x00000000ecb00000)
 ParOldGen       total 42496K, used 13717K [0x00000000c2200000, 0x00000000c4b80000, 0x00000000eb600000)
  object space 42496K, 32% used [0x00000000c2200000,0x00000000c2f65668,0x00000000c4b80000)
 Metaspace       used 13517K, capacity 13762K, committed 13952K, reserved 1060864K
  class space    used 1588K, capacity 1659K, committed 1664K, reserved 1048576K
}
Event: 21.466 GC heap before
{Heap before GC invocations=13 (full 0):
 PSYoungGen      total 21504K, used 16032K [0x00000000eb600000, 0x00000000ed100000, 0x0000000100000000)
  eden space 15360K, 100% used [0x00000000eb600000,0x00000000ec500000,0x00000000ec500000)
  from space 6144K, 10% used [0x00000000ecb00000,0x00000000ecba8000,0x00000000ed100000)
  to   space 6144K, 0% used [0x00000000ec500000,0x00000000ec500000,0x00000000ecb00000)
 ParOldGen       total 42496K, used 13717K [0x00000000c2200000, 0x00000000c4b80000, 0x00000000eb600000)
  object space 42496K, 32% used [0x00000000c2200000,0x00000000c2f65668,0x00000000c4b80000)
 Metaspace       used 13990K, capacity 14298K, committed 14592K, reserved 1062912K
  class space    used 1641K, capacity 1731K, committed 1792K, reserved 1048576K
Event: 21.470 GC heap after
Heap after GC invocations=13 (full 0):
 PSYoungGen      total 21504K, used 1583K [0x00000000eb600000, 0x00000000ed100000, 0x0000000100000000)
  eden space 15360K, 0% used [0x00000000eb600000,0x00000000eb600000,0x00000000ec500000)
  from space 6144K, 25% used [0x00000000ec500000,0x00000000ec68bc18,0x00000000ecb00000)
  to   space 6144K, 0% used [0x00000000ecb00000,0x00000000ecb00000,0x00000000ed100000)
 ParOldGen       total 42496K, used 14293K [0x00000000c2200000, 0x00000000c4b80000, 0x00000000eb600000)
  object space 42496K, 33% used [0x00000000c2200000,0x00000000c2ff5668,0x00000000c4b80000)
 Metaspace       used 13990K, capacity 14298K, committed 14592K, reserved 1062912K
  class space    used 1641K, capacity 1731K, committed 1792K, reserved 1048576K
}
Event: 22.503 GC heap before
{Heap before GC invocations=14 (full 0):
 PSYoungGen      total 21504K, used 16943K [0x00000000eb600000, 0x00000000ed100000, 0x0000000100000000)
  eden space 15360K, 100% used [0x00000000eb600000,0x00000000ec500000,0x00000000ec500000)
  from space 6144K, 25% used [0x00000000ec500000,0x00000000ec68bc18,0x00000000ecb00000)
  to   space 6144K, 0% used [0x00000000ecb00000,0x00000000ecb00000,0x00000000ed100000)
 ParOldGen       total 42496K, used 14293K [0x00000000c2200000, 0x00000000c4b80000, 0x00000000eb600000)
  object space 42496K, 33% used [0x00000000c2200000,0x00000000c2ff5668,0x00000000c4b80000)
 Metaspace       used 14382K, capacity 14738K, committed 14848K, reserved 1062912K
  class space    used 1676K, capacity 1771K, committed 1792K, reserved 1048576K
Event: 22.557 GC heap after
Heap after GC invocations=14 (full 0):
 PSYoungGen      total 21504K, used 940K [0x00000000eb600000, 0x00000000eda00000, 0x0000000100000000)
  eden space 15360K, 0% used [0x00000000eb600000,0x00000000eb600000,0x00000000ec500000)
  from space 6144K, 15% used [0x00000000ecb00000,0x00000000ecbeb050,0x00000000ed100000)
  to   space 6144K, 0% used [0x00000000ec500000,0x00000000ec500000,0x00000000ecb00000)
 ParOldGen       total 42496K, used 14797K [0x00000000c2200000, 0x00000000c4b80000, 0x00000000eb600000)
  object space 42496K, 34% used [0x00000000c2200000,0x00000000c3073668,0x00000000c4b80000)
 Metaspace       used 14382K, capacity 14738K, committed 14848K, reserved 1062912K
  class space    used 1676K, capacity 1771K, committed 1792K, reserved 1048576K
}
Event: 24.440 GC heap before
{Heap before GC invocations=15 (full 0):
 PSYoungGen      total 21504K, used 16300K [0x00000000eb600000, 0x00000000eda00000, 0x0000000100000000)
  eden space 15360K, 100% used [0x00000000eb600000,0x00000000ec500000,0x00000000ec500000)
  from space 6144K, 15% used [0x00000000ecb00000,0x00000000ecbeb050,0x00000000ed100000)
  to   space 6144K, 0% used [0x00000000ec500000,0x00000000ec500000,0x00000000ecb00000)
 ParOldGen       total 42496K, used 14797K [0x00000000c2200000, 0x00000000c4b80000, 0x00000000eb600000)
  object space 42496K, 34% used [0x00000000c2200000,0x00000000c3073668,0x00000000c4b80000)
 Metaspace       used 16533K, capacity 16918K, committed 17024K, reserved 1064960K
  class space    used 1955K, capacity 2075K, committed 2176K, reserved 1048576K
Event: 24.444 GC heap after
Heap after GC invocations=15 (full 0):
 PSYoungGen      total 21504K, used 1495K [0x00000000eb600000, 0x00000000eda00000, 0x0000000100000000)
  eden space 15360K, 0% used [0x00000000eb600000,0x00000000eb600000,0x00000000ec500000)
  from space 6144K, 24% used [0x00000000ec500000,0x00000000ec675d70,0x00000000ecb00000)
  to   space 6144K, 0% used [0x00000000ed400000,0x00000000ed400000,0x00000000eda00000)
 ParOldGen       total 42496K, used 15269K [0x00000000c2200000, 0x00000000c4b80000, 0x00000000eb600000)
  object space 42496K, 35% used [0x00000000c2200000,0x00000000c30e9668,0x00000000c4b80000)
 Metaspace       used 16533K, capacity 16918K, committed 17024K, reserved 1064960K
  class space    used 1955K, capacity 2075K, committed 2176K, reserved 1048576K
}

Deoptimization events (10 events):
Event: 20.122 Thread 0x000000000226e800 Uncommon trap: reason=bimorphic action=maybe_recompile pc=0x0000000002b36f74 method=java.util.AbstractCollection.containsAll(Ljava/util/Collection;)Z @ 1
Event: 20.122 Thread 0x000000000226e800 Uncommon trap: reason=unstable_if action=reinterpret pc=0x0000000002f6ec7c method=org.sonatype.aether.util.graph.transformer.ConflictMarker$Key.equals(Ljava/lang/Object;)Z @ 42
Event: 20.736 Thread 0x000000000226e800 Uncommon trap: reason=unstable_if action=reinterpret pc=0x0000000002e652c8 method=org.sonatype.guice.bean.locators.RankedBindings$Itr.hasNext()Z @ 60
Event: 21.423 Thread 0x000000000226e800 Uncommon trap: reason=bimorphic action=maybe_recompile pc=0x0000000002b1e140 method=java.util.AbstractSet.equals(Ljava/lang/Object;)Z @ 22
Event: 21.423 Thread 0x000000000226e800 Uncommon trap: reason=bimorphic action=maybe_recompile pc=0x0000000002b36f74 method=java.util.AbstractCollection.containsAll(Ljava/util/Collection;)Z @ 1
Event: 21.428 Thread 0x000000000226e800 Uncommon trap: reason=bimorphic action=maybe_recompile pc=0x0000000002b1e140 method=java.util.AbstractSet.equals(Ljava/lang/Object;)Z @ 22
Event: 21.428 Thread 0x000000000226e800 Uncommon trap: reason=bimorphic action=maybe_recompile pc=0x0000000002b36f74 method=java.util.AbstractCollection.containsAll(Ljava/util/Collection;)Z @ 1
Event: 21.475 Thread 0x000000000226e800 Uncommon trap: reason=unstable_if action=reinterpret pc=0x00000000031e2138 method=java.util.WeakHashMap.expungeStaleEntries()V @ 66
Event: 21.947 Thread 0x000000000226e800 Uncommon trap: reason=bimorphic action=maybe_recompile pc=0x0000000002b1e140 method=java.util.AbstractSet.equals(Ljava/lang/Object;)Z @ 22
Event: 24.369 Thread 0x000000000226e800 Uncommon trap: reason=unstable_if action=reinterpret pc=0x0000000002eb58d0 method=java.util.regex.Pattern.has(I)Z @ 6

Internal exceptions (10 events):
Event: 3.431 Thread 0x000000000226e800 Exception <a 'java/lang/NoClassDefFoundError'> (0x00000000eb99a888) thrown at [C:\workspace\8-2-build-windows-amd64-cygwin\jdk8u65\4987\hotspot\src\share\vm\oops\instanceKlass.cpp, line 945]
Event: 5.867 Thread 0x000000000226e800 Implicit null exception at 0x0000000002be2445 to 0x0000000002be2619
Event: 5.867 Thread 0x000000000226e800 Implicit null exception at 0x0000000002b522af to 0x0000000002b52315
Event: 6.215 Thread 0x000000000226e800 Implicit null exception at 0x0000000002ce730e to 0x0000000002ce85a1
Event: 11.375 Thread 0x000000000226e800 Implicit null exception at 0x0000000002bbc3eb to 0x0000000002bbcaf9
Event: 14.528 Thread 0x000000000226e800 Exception <a 'java/lang/NoClassDefFoundError': org/slf4j/Logger> (0x00000000ec2c5c98) thrown at [C:\workspace\8-2-build-windows-amd64-cygwin\jdk8u65\4987\hotspot\src\share\vm\oops\constantPool.cpp, line 235]
Event: 20.721 Thread 0x000000000226e800 Exception <a 'java/lang/NoClassDefFoundError': org/slf4j/Logger> (0x00000000ebfd7ad0) thrown at [C:\workspace\8-2-build-windows-amd64-cygwin\jdk8u65\4987\hotspot\src\share\vm\oops\constantPool.cpp, line 235]
Event: 21.745 Thread 0x000000000226e800 Exception <a 'java/lang/NoClassDefFoundError': org/slf4j/Logger> (0x00000000eb9012f0) thrown at [C:\workspace\8-2-build-windows-amd64-cygwin\jdk8u65\4987\hotspot\src\share\vm\oops\constantPool.cpp, line 235]
Event: 23.152 Thread 0x000000000226e800 Exception <a 'java/lang/NoClassDefFoundError': org/slf4j/Logger> (0x00000000ebdde3b0) thrown at [C:\workspace\8-2-build-windows-amd64-cygwin\jdk8u65\4987\hotspot\src\share\vm\oops\constantPool.cpp, line 235]
Event: 24.311 Thread 0x000000000226e800 Exception <a 'java/lang/ClassNotFoundException': com/sun/tools/javac/api/JavacTool> (0x00000000ebfdd968) thrown at [C:\workspace\8-2-build-windows-amd64-cygwin\jdk8u65\4987\hotspot\src\share\vm\classfile\systemDictionary.cpp, line 210]

Events (10 events):
Event: 24.619 loading class com/sun/tools/javac/api/MultiTaskListener
Event: 24.619 loading class com/sun/tools/javac/api/MultiTaskListener done
Event: 24.620 loading class com/sun/tools/javac/file/Locations$Path
Event: 24.620 loading class com/sun/tools/javac/file/Locations$Path done
Event: 24.620 Executing VM operation: Deoptimize
Event: 24.621 Executing VM operation: Deoptimize done
Event: 24.621 loading class com/sun/tools/javac/util/ListBuffer$1
Event: 24.621 loading class com/sun/tools/javac/util/ListBuffer$1 done
Event: 24.646 loading class com/sun/tools/javac/util/StringUtils
Event: 24.646 loading class com/sun/tools/javac/util/StringUtils done


Dynamic libraries:
0x000000013fe00000 - 0x000000013fe37000 	C:\Program Files\java\jdk1.8.0_65\bin\java.exe
0x0000000077220000 - 0x00000000773c9000 	C:\Windows\SYSTEM32\ntdll.dll
0x0000000077000000 - 0x000000007711f000 	C:\Windows\system32\kernel32.dll
0x000007fefd2a0000 - 0x000007fefd30b000 	C:\Windows\system32\KERNELBASE.dll
0x000007fefe880000 - 0x000007fefe95b000 	C:\Windows\system32\ADVAPI32.dll
0x000007fefeb70000 - 0x000007fefec0f000 	C:\Windows\system32\msvcrt.dll
0x000007fefe730000 - 0x000007fefe74f000 	C:\Windows\SYSTEM32\sechost.dll
0x000007fefe750000 - 0x000007fefe87d000 	C:\Windows\system32\RPCRT4.dll
0x0000000077120000 - 0x000000007721a000 	C:\Windows\system32\USER32.dll
0x000007fefec10000 - 0x000007fefec77000 	C:\Windows\system32\GDI32.dll
0x000007fefe9b0000 - 0x000007fefe9be000 	C:\Windows\system32\LPK.dll
0x000007fefec90000 - 0x000007fefed59000 	C:\Windows\system32\USP10.dll
0x000007fefbbf0000 - 0x000007fefbde4000 	C:\Windows\WinSxS\amd64_microsoft.windows.common-controls_6595b64144ccf1df_6.0.7601.17514_none_fa396087175ac9ac\COMCTL32.dll
0x000007fefe9c0000 - 0x000007fefea31000 	C:\Windows\system32\SHLWAPI.dll
0x000007fefe700000 - 0x000007fefe72e000 	C:\Windows\system32\IMM32.DLL
0x000007fefed60000 - 0x000007fefee69000 	C:\Windows\system32\MSCTF.dll
0x00000000644b0000 - 0x0000000064582000 	C:\Program Files\java\jdk1.8.0_65\jre\bin\msvcr100.dll
0x0000000063010000 - 0x0000000063899000 	C:\Program Files\java\jdk1.8.0_65\jre\bin\server\jvm.dll
0x000007fef82e0000 - 0x000007fef82e9000 	C:\Windows\system32\WSOCK32.dll
0x000007fefe960000 - 0x000007fefe9ad000 	C:\Windows\system32\WS2_32.dll
0x000007fefec80000 - 0x000007fefec88000 	C:\Windows\system32\NSI.dll
0x000007fefad20000 - 0x000007fefad5b000 	C:\Windows\system32\WINMM.dll
0x000007fefc2b0000 - 0x000007fefc2bc000 	C:\Windows\system32\VERSION.dll
0x00000000773f0000 - 0x00000000773f7000 	C:\Windows\system32\PSAPI.DLL
0x0000000074e80000 - 0x0000000074e8f000 	C:\Program Files\java\jdk1.8.0_65\jre\bin\verify.dll
0x0000000074e50000 - 0x0000000074e79000 	C:\Program Files\java\jdk1.8.0_65\jre\bin\java.dll
0x0000000074e30000 - 0x0000000074e46000 	C:\Program Files\java\jdk1.8.0_65\jre\bin\zip.dll
0x000007fefd7f0000 - 0x000007fefe578000 	C:\Windows\system32\SHELL32.dll
0x000007fefd5e0000 - 0x000007fefd7e3000 	C:\Windows\system32\ole32.dll
0x000007fefd170000 - 0x000007fefd17f000 	C:\Windows\system32\profapi.dll
0x000007fefd040000 - 0x000007fefd097000 	C:\Windows\system32\apphelp.dll
0x0000000074e10000 - 0x0000000074e2a000 	C:\Program Files\java\jdk1.8.0_65\jre\bin\net.dll
0x000007fefc9c0000 - 0x000007fefca15000 	C:\Windows\system32\mswsock.dll
0x000007fefc9b0000 - 0x000007fefc9b7000 	C:\Windows\System32\wship6.dll
0x0000000074df0000 - 0x0000000074e01000 	C:\Program Files\java\jdk1.8.0_65\jre\bin\nio.dll

VM Arguments:
jvm_args: -Dclassworlds.conf=D:\NetBeans 8.1\java\maven\bin\m2.conf -Dmaven.home=D:\NetBeans 8.1\java\maven 
java_command: org.codehaus.plexus.classworlds.launcher.Launcher -Dmaven.ext.class.path=D:\NetBeans 8.1\java\maven-nblib\netbeans-eventspy.jar -Dfile.encoding=UTF-8 clean install
java_class_path (initial): D:\NetBeans 8.1\java\maven\boot\plexus-classworlds-2.4.jar
Launcher Type: SUN_STANDARD

Environment Variables:
JAVA_HOME=C:\Program Files\java\jdk1.8.0_65
PATH=C:\Windows\system32;C:\Windows;C:\Windows\System32\Wbem;C:\Windows\System32\WindowsPowerShell\v1.0\;C:\Program Files\Intel\WiFi\bin\;C:\Program Files\Common Files\Intel\WirelessCommon\;D:\app\Develop\product\11.2.0\dbhome_2\bin;C:\ProgramData\Oracle\Java\javapath;C:\Windows\system32;C:\Windows;C:\Windows\System32\Wbem;C:\Windows\System32\WindowsPowerShell\v1.0\;C:\xampp\php;C:\ProgramData\ComposerSetup\bin;D:\apache-maven-3.0.5\bin;C:\Program Files\java\jdk1.8.0_65\bin;C:\nodejs\;C:\Program Files\OpenVPN\bin;C:\Git\cmd;C:\Program Files (x86)\OpenVPN\bin;D:\Git\cmd;C:\Users\IOS\AppData\Roaming\npm;D:\AppServ\Apache24\bin;D:\AppServ\php5;D:\AppServ\MySQL\bin
USERNAME=IOS
OS=Windows_NT
PROCESSOR_IDENTIFIER=Intel64 Family 6 Model 37 Stepping 2, GenuineIntel



---------------  S Y S T E M  ---------------

OS: Windows 7 , 64 bit Build 7601 (6.1.7601.17514)

CPU:total 4 (2 cores per cpu, 2 threads per core) family 6 model 37 stepping 2, cmov, cx8, fxsr, mmx, sse, sse2, sse3, ssse3, sse4.1, sse4.2, popcnt, ht, tsc, tscinvbit

Memory: 4k page, physical 4051452k(725988k free), swap 4049608k(5140k free)

vm_info: Java HotSpot(TM) 64-Bit Server VM (25.65-b01) for windows-amd64 JRE (1.8.0_65-b17), built on Oct  6 2015 16:39:20 by "java_re" with MS VC++ 10.0 (VS2010)

time: Mon May 16 01:55:50 2016
elapsed time: 25 seconds (0d 0h 0m 25s)

